<?xml version="1.0" encoding="UTF-8"?>
<!-- Generated by org.testng.reporters.JUnitReportReporter -->
<testsuite hostname="SouravPC" failures="0" tests="2" name="Amazon.AmazonWebUITestProject.test.ErrorValidationTest" time="8.357" errors="0" timestamp="2024-01-30T02:47:49 IST" skipped="0">
  <testcase classname="Amazon.AmazonWebUITestProject.test.ErrorValidationTest" name="wrongPasswordTest" time="5.879"/>
  <testcase classname="Amazon.AmazonWebUITestProject.test.ErrorValidationTest" name="wrongUserIdTest" time="2.478"/>
</testsuite> <!-- Amazon.AmazonWebUITestProject.test.ErrorValidationTest -->
