<?xml version="1.0" encoding="UTF-8"?>
<!-- Generated by org.testng.reporters.JUnitReportReporter -->
<testsuite hostname="SouravPC" failures="0" tests="2" name="Amazon.AmazonWebUITestProject.test.LoginToOrderTest" time="11.967" errors="0" timestamp="2024-01-30T02:47:49 IST" skipped="0">
  <testcase classname="Amazon.AmazonWebUITestProject.test.LoginToOrderTest" name="validatePlaceOrderTest" time="4.964"/>
  <testcase classname="Amazon.AmazonWebUITestProject.test.LoginToOrderTest" name="validateCartItemsTest" time="7.003"/>
</testsuite> <!-- Amazon.AmazonWebUITestProject.test.LoginToOrderTest -->
