<?xml version="1.0" encoding="UTF-8"?>
<!-- Generated by org.testng.reporters.JUnitReportReporter -->
<testsuite hostname="SouravPC" failures="0" tests="2" name="Amazon.AmazonWebUITestProject.test.StandAloneTest" time="15.794" errors="0" timestamp="2023-11-28T00:44:23 IST" skipped="0">
  <testcase classname="Amazon.AmazonWebUITestProject.test.StandAloneTest" name="main" time="8.667"/>
  <testcase classname="Amazon.AmazonWebUITestProject.test.StandAloneTest" name="main" time="7.127"/>
</testsuite> <!-- Amazon.AmazonWebUITestProject.test.StandAloneTest -->
