<?xml version="1.0" encoding="UTF-8"?>
<!-- Generated by org.testng.reporters.JUnitReportReporter -->
<testsuite hostname="SouravPC" failures="0" tests="2" name="Amazon.AmazonWebUITestProject.test.ErrorValidationTest" time="8.975" errors="0" timestamp="2024-01-30T01:54:25 IST" skipped="0">
  <testcase classname="Amazon.AmazonWebUITestProject.test.ErrorValidationTest" name="wrongUserIdTest" time="4.052"/>
  <testcase classname="Amazon.AmazonWebUITestProject.test.ErrorValidationTest" name="wrongPasswordTest" time="4.923"/>
</testsuite> <!-- Amazon.AmazonWebUITestProject.test.ErrorValidationTest -->
